<?xml version="1.0" encoding="UTF-8" ?>
<testsuite failures="0" time="2.087" errors="0" skipped="0" tests="2" name="TestSuite">
  <properties>
    <property name="java.runtime.name" value="Java(TM) SE Runtime Environment"/>
    <property name="sun.boot.library.path" value="/usr/local/jdk1.6.0_29/jre/lib/amd64"/>
    <property name="java.vm.version" value="20.4-b02"/>
    <property name="java.vm.vendor" value="Sun Microsystems Inc."/>
    <property name="java.vendor.url" value="http://java.sun.com/"/>
    <property name="path.separator" value=":"/>
    <property name="java.vm.name" value="Java HotSpot(TM) 64-Bit Server VM"/>
    <property name="file.encoding.pkg" value="sun.io"/>
    <property name="user.country" value="US"/>
    <property name="sun.java.launcher" value="SUN_STANDARD"/>
    <property name="sun.os.patch.level" value="unknown"/>
    <property name="java.vm.specification.name" value="Java Virtual Machine Specification"/>
    <property name="user.dir" value="/home/shaila/IdeaProjects/lifeexposure"/>
    <property name="java.runtime.version" value="1.6.0_29-b11"/>
    <property name="java.awt.graphicsenv" value="sun.awt.X11GraphicsEnvironment"/>
    <property name="basedir" value="/home/shaila/IdeaProjects/lifeexposure"/>
    <property name="java.endorsed.dirs" value="/usr/local/jdk1.6.0_29/jre/lib/endorsed"/>
    <property name="os.arch" value="amd64"/>
    <property name="surefire.real.class.path" value="/home/shaila/IdeaProjects/lifeexposure/target/surefire/surefirebooter4326175197253819466.jar"/>
    <property name="java.io.tmpdir" value="/tmp"/>
    <property name="line.separator" value="
"/>
    <property name="java.vm.specification.vendor" value="Sun Microsystems Inc."/>
    <property name="os.name" value="Linux"/>
    <property name="sun.jnu.encoding" value="UTF-8"/>
    <property name="java.library.path" value="/usr/local/jdk1.6.0_29/jre/lib/amd64/server:/usr/local/jdk1.6.0_29/jre/lib/amd64:/usr/local/jdk1.6.0_29/jre/../lib/amd64:/usr/java/packages/lib/amd64:/usr/lib64:/lib64:/lib:/usr/lib"/>
    <property name="surefire.test.class.path" value="/home/shaila/IdeaProjects/lifeexposure/target/test-classes:/home/shaila/IdeaProjects/lifeexposure/target/classes:/home/shaila/.m2/repository/org/springframework/spring-core/3.0.5.RELEASE/spring-core-3.0.5.RELEASE.jar:/home/shaila/.m2/repository/org/springframework/spring-asm/3.0.5.RELEASE/spring-asm-3.0.5.RELEASE.jar:/home/shaila/.m2/repository/org/springframework/spring-web/3.0.5.RELEASE/spring-web-3.0.5.RELEASE.jar:/home/shaila/.m2/repository/aopalliance/aopalliance/1.0/aopalliance-1.0.jar:/home/shaila/.m2/repository/org/springframework/spring-beans/3.0.5.RELEASE/spring-beans-3.0.5.RELEASE.jar:/home/shaila/.m2/repository/org/springframework/spring-context/3.0.5.RELEASE/spring-context-3.0.5.RELEASE.jar:/home/shaila/.m2/repository/org/springframework/spring-tx/3.0.5.RELEASE/spring-tx-3.0.5.RELEASE.jar:/home/shaila/.m2/repository/org/springframework/spring-webmvc/3.0.5.RELEASE/spring-webmvc-3.0.5.RELEASE.jar:/home/shaila/.m2/repository/org/springframework/spring-context-support/3.0.5.RELEASE/spring-context-support-3.0.5.RELEASE.jar:/home/shaila/.m2/repository/org/springframework/spring-expression/3.0.5.RELEASE/spring-expression-3.0.5.RELEASE.jar:/home/shaila/.m2/repository/org/springframework/spring-aop/3.0.5.RELEASE/spring-aop-3.0.5.RELEASE.jar:/home/shaila/.m2/repository/org/springframework/spring-orm/3.0.5.RELEASE/spring-orm-3.0.5.RELEASE.jar:/home/shaila/.m2/repository/org/springframework/spring-jdbc/3.0.5.RELEASE/spring-jdbc-3.0.5.RELEASE.jar:/home/shaila/.m2/repository/org/springframework/spring-aspects/3.0.5.RELEASE/spring-aspects-3.0.5.RELEASE.jar:/home/shaila/.m2/repository/org/springframework/spring-test/3.0.5.RELEASE/spring-test-3.0.5.RELEASE.jar:/home/shaila/.m2/repository/org/hibernate/hibernate-core/3.3.2.GA/hibernate-core-3.3.2.GA.jar:/home/shaila/.m2/repository/antlr/antlr/2.7.6/antlr-2.7.6.jar:/home/shaila/.m2/repository/javax/transaction/jta/1.1/jta-1.1.jar:/home/shaila/.m2/repository/org/hibernate/hibernate-annotations/3.4.0.GA/hibernate-annotations-3.4.0.GA.jar:/home/shaila/.m2/repository/org/hibernate/ejb3-persistence/1.0.2.GA/ejb3-persistence-1.0.2.GA.jar:/home/shaila/.m2/repository/org/hibernate/hibernate-commons-annotations/3.1.0.GA/hibernate-commons-annotations-3.1.0.GA.jar:/home/shaila/.m2/repository/org/hibernate/hibernate-validator-annotation-processor/4.1.0.Final/hibernate-validator-annotation-processor-4.1.0.Final.jar:/home/shaila/.m2/repository/org/hibernate/hibernate-validator/4.1.0.Final/hibernate-validator-4.1.0.Final.jar:/home/shaila/.m2/repository/org/aspectj/aspectjweaver/1.6.12/aspectjweaver-1.6.12.jar:/home/shaila/.m2/repository/commons-fileupload/commons-fileupload/1.2.2/commons-fileupload-1.2.2.jar:/home/shaila/.m2/repository/commons-io/commons-io/1.3.2/commons-io-1.3.2.jar:/home/shaila/.m2/repository/commons-logging/commons-logging/1.1.1/commons-logging-1.1.1.jar:/home/shaila/.m2/repository/commons-digester/commons-digester/2.1/commons-digester-2.1.jar:/home/shaila/.m2/repository/commons-beanutils/commons-beanutils/1.8.3/commons-beanutils-1.8.3.jar:/home/shaila/.m2/repository/commons-collections/commons-collections/3.2.1/commons-collections-3.2.1.jar:/home/shaila/.m2/repository/dom4j/dom4j/1.6.1/dom4j-1.6.1.jar:/home/shaila/.m2/repository/xml-apis/xml-apis/1.0.b2/xml-apis-1.0.b2.jar:/home/shaila/.m2/repository/cglib/cglib/2.2/cglib-2.2.jar:/home/shaila/.m2/repository/asm/asm/3.1/asm-3.1.jar:/home/shaila/.m2/repository/cglib/cglib-nodep/2.2/cglib-nodep-2.2.jar:/home/shaila/.m2/repository/log4j/log4j/1.2.14/log4j-1.2.14.jar:/home/shaila/.m2/repository/javax/persistence/persistence-api/1.0/persistence-api-1.0.jar:/home/shaila/.m2/repository/c3p0/c3p0/0.9.1.2/c3p0-0.9.1.2.jar:/home/shaila/.m2/repository/org/slf4j/slf4j-api/1.6.1/slf4j-api-1.6.1.jar:/home/shaila/.m2/repository/org/slf4j/slf4j-log4j12/1.6.1/slf4j-log4j12-1.6.1.jar:/home/shaila/.m2/repository/jboss/javassist/3.7.ga/javassist-3.7.ga.jar:/home/shaila/.m2/repository/javax/servlet/javax.servlet-api/3.0.1/javax.servlet-api-3.0.1.jar:/home/shaila/.m2/repository/javax/validation/validation-api/1.0.0.GA/validation-api-1.0.0.GA.jar:/home/shaila/.m2/repository/opensymphony/sitemesh/2.4.2/sitemesh-2.4.2.jar:/home/shaila/.m2/repository/com/oracle/ojdbc14/10.2.0.4.0/ojdbc14-10.2.0.4.0.jar:/home/shaila/.m2/repository/javax/servlet/jstl/1.1.1/jstl-1.1.1.jar:/home/shaila/.m2/repository/taglibs/standard/1.1.1/standard-1.1.1.jar:/home/shaila/.m2/repository/junit/junit/4.8.1/junit-4.8.1.jar:/home/shaila/.m2/repository/org/unitils/unitils-dbunit/3.3/unitils-dbunit-3.3.jar:/home/shaila/.m2/repository/org/unitils/unitils-database/3.3/unitils-database-3.3.jar:/home/shaila/.m2/repository/org/unitils/unitils-dbmaintainer/3.3/unitils-dbmaintainer-3.3.jar:/home/shaila/.m2/repository/org/hibernate/hibernate/3.2.5.ga/hibernate-3.2.5.ga.jar:/home/shaila/.m2/repository/net/sf/ehcache/ehcache/1.2.3/ehcache-1.2.3.jar:/home/shaila/.m2/repository/asm/asm-attrs/1.5.3/asm-attrs-1.5.3.jar:/home/shaila/.m2/repository/commons-dbcp/commons-dbcp/1.2.2/commons-dbcp-1.2.2.jar:/home/shaila/.m2/repository/commons-pool/commons-pool/1.3/commons-pool-1.3.jar:/home/shaila/.m2/repository/org/dbunit/dbunit/2.2.2/dbunit-2.2.2.jar:/home/shaila/.m2/repository/junit-addons/junit-addons/1.4/junit-addons-1.4.jar:/home/shaila/.m2/repository/xerces/xercesImpl/2.6.2/xercesImpl-2.6.2.jar:/home/shaila/.m2/repository/xerces/xmlParserAPIs/2.6.2/xmlParserAPIs-2.6.2.jar:/home/shaila/.m2/repository/poi/poi/2.5.1-final-20040804/poi-2.5.1-final-20040804.jar:/home/shaila/.m2/repository/org/unitils/unitils-core/3.3/unitils-core-3.3.jar:/home/shaila/.m2/repository/commons-lang/commons-lang/2.3/commons-lang-2.3.jar:/home/shaila/.m2/repository/ognl/ognl/2.6.9/ognl-2.6.9.jar:/home/shaila/.m2/repository/org/unitils/unitils-orm/3.3/unitils-orm-3.3.jar:/home/shaila/.m2/repository/org/unitils/unitils-spring/3.3/unitils-spring-3.3.jar:/home/shaila/.m2/repository/org/unitils/unitils-testng/3.3/unitils-testng-3.3.jar:/home/shaila/.m2/repository/org/testng/testng/5.8/testng-5.8-jdk15.jar:/home/shaila/.m2/repository/org/testng/testng/6.1.1/testng-6.1.1.jar:/home/shaila/.m2/repository/org/beanshell/bsh/2.0b4/bsh-2.0b4.jar:/home/shaila/.m2/repository/com/beust/jcommander/1.12/jcommander-1.12.jar:/home/shaila/.m2/repository/org/yaml/snakeyaml/1.6/snakeyaml-1.6.jar:/home/shaila/.m2/repository/org/unitils/unitils-easymock/3.3/unitils-easymock-3.3.jar:/home/shaila/.m2/repository/org/easymock/easymockclassextension/2.3/easymockclassextension-2.3.jar:/home/shaila/.m2/repository/org/easymock/easymock/3.1/easymock-3.1.jar:/home/shaila/.m2/repository/org/objenesis/objenesis/1.2/objenesis-1.2.jar:/home/shaila/.m2/repository/org/unitils/unitils-mock/3.3/unitils-mock-3.3.jar:/home/shaila/.m2/repository/org/unitils/unitils-inject/3.3/unitils-inject-3.3.jar:/home/shaila/.m2/repository/org/hsqldb/hsqldb/2.2.8/hsqldb-2.2.8.jar:"/>
    <property name="java.specification.name" value="Java Platform API Specification"/>
    <property name="java.class.version" value="50.0"/>
    <property name="sun.management.compiler" value="HotSpot 64-Bit Tiered Compilers"/>
    <property name="os.version" value="2.6.35-22-generic"/>
    <property name="user.home" value="/home/shaila"/>
    <property name="user.timezone" value="Asia/Dhaka"/>
    <property name="java.awt.printerjob" value="sun.print.PSPrinterJob"/>
    <property name="file.encoding" value="UTF-8"/>
    <property name="java.specification.version" value="1.6"/>
    <property name="user.name" value="shaila"/>
    <property name="java.class.path" value="/home/shaila/IdeaProjects/lifeexposure/target/test-classes:/home/shaila/IdeaProjects/lifeexposure/target/classes:/home/shaila/.m2/repository/org/springframework/spring-core/3.0.5.RELEASE/spring-core-3.0.5.RELEASE.jar:/home/shaila/.m2/repository/org/springframework/spring-asm/3.0.5.RELEASE/spring-asm-3.0.5.RELEASE.jar:/home/shaila/.m2/repository/org/springframework/spring-web/3.0.5.RELEASE/spring-web-3.0.5.RELEASE.jar:/home/shaila/.m2/repository/aopalliance/aopalliance/1.0/aopalliance-1.0.jar:/home/shaila/.m2/repository/org/springframework/spring-beans/3.0.5.RELEASE/spring-beans-3.0.5.RELEASE.jar:/home/shaila/.m2/repository/org/springframework/spring-context/3.0.5.RELEASE/spring-context-3.0.5.RELEASE.jar:/home/shaila/.m2/repository/org/springframework/spring-tx/3.0.5.RELEASE/spring-tx-3.0.5.RELEASE.jar:/home/shaila/.m2/repository/org/springframework/spring-webmvc/3.0.5.RELEASE/spring-webmvc-3.0.5.RELEASE.jar:/home/shaila/.m2/repository/org/springframework/spring-context-support/3.0.5.RELEASE/spring-context-support-3.0.5.RELEASE.jar:/home/shaila/.m2/repository/org/springframework/spring-expression/3.0.5.RELEASE/spring-expression-3.0.5.RELEASE.jar:/home/shaila/.m2/repository/org/springframework/spring-aop/3.0.5.RELEASE/spring-aop-3.0.5.RELEASE.jar:/home/shaila/.m2/repository/org/springframework/spring-orm/3.0.5.RELEASE/spring-orm-3.0.5.RELEASE.jar:/home/shaila/.m2/repository/org/springframework/spring-jdbc/3.0.5.RELEASE/spring-jdbc-3.0.5.RELEASE.jar:/home/shaila/.m2/repository/org/springframework/spring-aspects/3.0.5.RELEASE/spring-aspects-3.0.5.RELEASE.jar:/home/shaila/.m2/repository/org/springframework/spring-test/3.0.5.RELEASE/spring-test-3.0.5.RELEASE.jar:/home/shaila/.m2/repository/org/hibernate/hibernate-core/3.3.2.GA/hibernate-core-3.3.2.GA.jar:/home/shaila/.m2/repository/antlr/antlr/2.7.6/antlr-2.7.6.jar:/home/shaila/.m2/repository/javax/transaction/jta/1.1/jta-1.1.jar:/home/shaila/.m2/repository/org/hibernate/hibernate-annotations/3.4.0.GA/hibernate-annotations-3.4.0.GA.jar:/home/shaila/.m2/repository/org/hibernate/ejb3-persistence/1.0.2.GA/ejb3-persistence-1.0.2.GA.jar:/home/shaila/.m2/repository/org/hibernate/hibernate-commons-annotations/3.1.0.GA/hibernate-commons-annotations-3.1.0.GA.jar:/home/shaila/.m2/repository/org/hibernate/hibernate-validator-annotation-processor/4.1.0.Final/hibernate-validator-annotation-processor-4.1.0.Final.jar:/home/shaila/.m2/repository/org/hibernate/hibernate-validator/4.1.0.Final/hibernate-validator-4.1.0.Final.jar:/home/shaila/.m2/repository/org/aspectj/aspectjweaver/1.6.12/aspectjweaver-1.6.12.jar:/home/shaila/.m2/repository/commons-fileupload/commons-fileupload/1.2.2/commons-fileupload-1.2.2.jar:/home/shaila/.m2/repository/commons-io/commons-io/1.3.2/commons-io-1.3.2.jar:/home/shaila/.m2/repository/commons-logging/commons-logging/1.1.1/commons-logging-1.1.1.jar:/home/shaila/.m2/repository/commons-digester/commons-digester/2.1/commons-digester-2.1.jar:/home/shaila/.m2/repository/commons-beanutils/commons-beanutils/1.8.3/commons-beanutils-1.8.3.jar:/home/shaila/.m2/repository/commons-collections/commons-collections/3.2.1/commons-collections-3.2.1.jar:/home/shaila/.m2/repository/dom4j/dom4j/1.6.1/dom4j-1.6.1.jar:/home/shaila/.m2/repository/xml-apis/xml-apis/1.0.b2/xml-apis-1.0.b2.jar:/home/shaila/.m2/repository/cglib/cglib/2.2/cglib-2.2.jar:/home/shaila/.m2/repository/asm/asm/3.1/asm-3.1.jar:/home/shaila/.m2/repository/cglib/cglib-nodep/2.2/cglib-nodep-2.2.jar:/home/shaila/.m2/repository/log4j/log4j/1.2.14/log4j-1.2.14.jar:/home/shaila/.m2/repository/javax/persistence/persistence-api/1.0/persistence-api-1.0.jar:/home/shaila/.m2/repository/c3p0/c3p0/0.9.1.2/c3p0-0.9.1.2.jar:/home/shaila/.m2/repository/org/slf4j/slf4j-api/1.6.1/slf4j-api-1.6.1.jar:/home/shaila/.m2/repository/org/slf4j/slf4j-log4j12/1.6.1/slf4j-log4j12-1.6.1.jar:/home/shaila/.m2/repository/jboss/javassist/3.7.ga/javassist-3.7.ga.jar:/home/shaila/.m2/repository/javax/servlet/javax.servlet-api/3.0.1/javax.servlet-api-3.0.1.jar:/home/shaila/.m2/repository/javax/validation/validation-api/1.0.0.GA/validation-api-1.0.0.GA.jar:/home/shaila/.m2/repository/opensymphony/sitemesh/2.4.2/sitemesh-2.4.2.jar:/home/shaila/.m2/repository/com/oracle/ojdbc14/10.2.0.4.0/ojdbc14-10.2.0.4.0.jar:/home/shaila/.m2/repository/javax/servlet/jstl/1.1.1/jstl-1.1.1.jar:/home/shaila/.m2/repository/taglibs/standard/1.1.1/standard-1.1.1.jar:/home/shaila/.m2/repository/junit/junit/4.8.1/junit-4.8.1.jar:/home/shaila/.m2/repository/org/unitils/unitils-dbunit/3.3/unitils-dbunit-3.3.jar:/home/shaila/.m2/repository/org/unitils/unitils-database/3.3/unitils-database-3.3.jar:/home/shaila/.m2/repository/org/unitils/unitils-dbmaintainer/3.3/unitils-dbmaintainer-3.3.jar:/home/shaila/.m2/repository/org/hibernate/hibernate/3.2.5.ga/hibernate-3.2.5.ga.jar:/home/shaila/.m2/repository/net/sf/ehcache/ehcache/1.2.3/ehcache-1.2.3.jar:/home/shaila/.m2/repository/asm/asm-attrs/1.5.3/asm-attrs-1.5.3.jar:/home/shaila/.m2/repository/commons-dbcp/commons-dbcp/1.2.2/commons-dbcp-1.2.2.jar:/home/shaila/.m2/repository/commons-pool/commons-pool/1.3/commons-pool-1.3.jar:/home/shaila/.m2/repository/org/dbunit/dbunit/2.2.2/dbunit-2.2.2.jar:/home/shaila/.m2/repository/junit-addons/junit-addons/1.4/junit-addons-1.4.jar:/home/shaila/.m2/repository/xerces/xercesImpl/2.6.2/xercesImpl-2.6.2.jar:/home/shaila/.m2/repository/xerces/xmlParserAPIs/2.6.2/xmlParserAPIs-2.6.2.jar:/home/shaila/.m2/repository/poi/poi/2.5.1-final-20040804/poi-2.5.1-final-20040804.jar:/home/shaila/.m2/repository/org/unitils/unitils-core/3.3/unitils-core-3.3.jar:/home/shaila/.m2/repository/commons-lang/commons-lang/2.3/commons-lang-2.3.jar:/home/shaila/.m2/repository/ognl/ognl/2.6.9/ognl-2.6.9.jar:/home/shaila/.m2/repository/org/unitils/unitils-orm/3.3/unitils-orm-3.3.jar:/home/shaila/.m2/repository/org/unitils/unitils-spring/3.3/unitils-spring-3.3.jar:/home/shaila/.m2/repository/org/unitils/unitils-testng/3.3/unitils-testng-3.3.jar:/home/shaila/.m2/repository/org/testng/testng/5.8/testng-5.8-jdk15.jar:/home/shaila/.m2/repository/org/testng/testng/6.1.1/testng-6.1.1.jar:/home/shaila/.m2/repository/org/beanshell/bsh/2.0b4/bsh-2.0b4.jar:/home/shaila/.m2/repository/com/beust/jcommander/1.12/jcommander-1.12.jar:/home/shaila/.m2/repository/org/yaml/snakeyaml/1.6/snakeyaml-1.6.jar:/home/shaila/.m2/repository/org/unitils/unitils-easymock/3.3/unitils-easymock-3.3.jar:/home/shaila/.m2/repository/org/easymock/easymockclassextension/2.3/easymockclassextension-2.3.jar:/home/shaila/.m2/repository/org/easymock/easymock/3.1/easymock-3.1.jar:/home/shaila/.m2/repository/org/objenesis/objenesis/1.2/objenesis-1.2.jar:/home/shaila/.m2/repository/org/unitils/unitils-mock/3.3/unitils-mock-3.3.jar:/home/shaila/.m2/repository/org/unitils/unitils-inject/3.3/unitils-inject-3.3.jar:/home/shaila/.m2/repository/org/hsqldb/hsqldb/2.2.8/hsqldb-2.2.8.jar:"/>
    <property name="java.vm.specification.version" value="1.0"/>
    <property name="sun.arch.data.model" value="64"/>
    <property name="java.home" value="/usr/local/jdk1.6.0_29/jre"/>
    <property name="sun.java.command" value="/home/shaila/IdeaProjects/lifeexposure/target/surefire/surefirebooter4326175197253819466.jar /home/shaila/IdeaProjects/lifeexposure/target/surefire/surefire6253200296453672310tmp /home/shaila/IdeaProjects/lifeexposure/target/surefire/surefire7249602747761429931tmp"/>
    <property name="java.specification.vendor" value="Sun Microsystems Inc."/>
    <property name="user.language" value="en"/>
    <property name="java.vm.info" value="mixed mode"/>
    <property name="java.version" value="1.6.0_29"/>
    <property name="java.ext.dirs" value="/usr/local/jdk1.6.0_29/jre/lib/ext:/usr/java/packages/lib/ext"/>
    <property name="sun.boot.class.path" value="/usr/local/jdk1.6.0_29/jre/lib/resources.jar:/usr/local/jdk1.6.0_29/jre/lib/rt.jar:/usr/local/jdk1.6.0_29/jre/lib/sunrsasign.jar:/usr/local/jdk1.6.0_29/jre/lib/jsse.jar:/usr/local/jdk1.6.0_29/jre/lib/jce.jar:/usr/local/jdk1.6.0_29/jre/lib/charsets.jar:/usr/local/jdk1.6.0_29/jre/lib/modules/jdk.boot.jar:/usr/local/jdk1.6.0_29/jre/classes"/>
    <property name="java.vendor" value="Sun Microsystems Inc."/>
    <property name="localRepository" value="/home/shaila/.m2/repository"/>
    <property name="file.separator" value="/"/>
    <property name="java.vendor.url.bug" value="http://java.sun.com/cgi-bin/bugreport.cgi"/>
    <property name="sun.cpu.endian" value="little"/>
    <property name="sun.io.unicode.encoding" value="UnicodeLittle"/>
    <property name="sun.desktop" value="gnome"/>
    <property name="sun.cpu.isalist" value=""/>
  </properties>
  <testcase time="0.022" classname="net.therap.dao.UserDaoTest" name="testGetUser"/>
  <testcase time="0.054" classname="net.therap.web.MyPhotosControllerTest" name="testShowPhotos"/>
</testsuite>