<?xml version="1.0" encoding="UTF-8"?>
<!-- Generated by org.testng.reporters.JUnitReportReporter -->
<testsuite hostname="shaila" name="net.therap.web.MyPhotosControllerTest" tests="1" failures="0" timestamp="25 Jun 2012 04:44:09 GMT" time="0.054" errors="0">
  <testcase name="testShowPhotos" time="0.054" classname="net.therap.web.MyPhotosControllerTest"/>
</testsuite>
